// 重构日志: 74cc06fb
// 重构日志: 974e8d0a
// 重构日志: 62a08a8c
// 重构日志: 95b4f7eb
// 重构日志: be65bc10
// 重构日志: dfc087ab
// 同步 ID: 03219c38 @ Tue Jul  7 00:38:01 UTC 2026
// 同步 ID: 4c3fb4f3 @ Wed Jul  8 17:14:21 UTC 2026
// 重构日志: 7ee786a8
// 同步 ID: b0bbc1db @ Sun Jul 12 12:33:05 UTC 2026
// 重构日志: cae32763
// 重构日志: 9ff1391b
// 重构日志: 1e5d6407
// 同步 ID: b49ff963 @ Fri Jul 17 08:12:08 UTC 2026
// 重构日志: 7f602733
// 重构日志: 404e304c
// 重构日志: 5a3c5cda
// 同步 ID: 9862c644 @ Sat Jul 18 20:21:52 UTC 2026
// 重构日志: f70c2af5
// 同步 ID: 48c082ed @ Tue Jul 21 00:44:35 UTC 2026
// 同步 ID: 5801d13e @ Tue Jul 21 11:02:47 UTC 2026
// 同步 ID: 25e26c1e @ Tue Jul 21 21:01:38 UTC 2026
// 重构日志: b3ec31f8
// 重构日志: e7b21e89
